2025-08-07 17:36:58 INFO [admin] ProjectServiceImpl - Created project [admin - New project](1)
2025-08-07 17:36:58 INFO [admin] ProjectServiceImpl - Granted permission [CURATOR] for user admin on project [admin - New project](1)
2025-08-07 17:36:58 INFO [admin] ProjectServiceImpl - Granted permission [MANAGER] for user admin on project [admin - New project](1)
2025-08-07 17:36:58 INFO [admin] ProjectServiceImpl - Granted permission [ANNOTATOR] for user admin on project [admin - New project](1)
2025-08-07 17:36:58 INFO [admin] AnnotationSchemaServiceImpl - Created layer [de.tudarmstadt.ukp.dkpro.core.api.segmentation.type.Token](6) in project [admin - New project](1)
2025-08-07 17:36:58 INFO [admin] AnnotationSchemaServiceImpl - Created tagset [Sentence labels](3) in project [admin - New project](1)
2025-08-07 17:36:58 INFO [admin] AnnotationSchemaServiceImpl - Created 3 tags and updated 0 tags in tagset [Sentence labels](3) in project [admin - New project](1)
2025-08-07 17:36:58 INFO [admin] AnnotationSchemaServiceImpl - Created layer [custom.SentenceLabel](7) in project [admin - New project](1)
2025-08-07 17:36:58 INFO [admin] AnnotationSchemaServiceImpl - Created feature [label](6) in project [admin - New project](1)
2025-08-07 17:36:58 INFO [admin] ReindexTask - Re-indexing project [admin - New project](1). This may take a while...
2025-08-07 17:36:58 INFO [admin] ReindexTask - Re-indexing project [admin - New project](1) complete!
2025-08-07 17:37:35 INFO [admin] TextReader - Scanning [file:/C:/Users/silvi/.inception/repository/project/1/document/1/source/]
2025-08-07 17:37:35 INFO [admin] TextReader - Found [1] resources to be read
2025-08-07 17:37:35 INFO [admin] TextReader - 0 of 1: file:/C:/Users/silvi/.inception/repository/project/1/document/1/source/Tempo%20di%20uccidere.txt
2025-08-07 17:37:36 INFO [admin] DocumentImportExportServiceImpl - Imported CAS with [99337] tokens and [5601] sentences from file [C:\Users\silvi\.inception\repository\project\1\document\1\source\Tempo di uccidere.txt] (size: 508221 bytes)
2025-08-07 17:37:36 INFO [admin] DocumentServiceImpl - Imported source document [Tempo di uccidere.txt](1) to project [Tempo di uccidere1](1)
2025-08-07 17:38:00 INFO [admin] AnnotationSchemaServiceImpl - Removed feature [label](6) from project [Tempo di uccidere1](1)
2025-08-07 17:38:00 INFO [admin] ReindexTask - Re-indexing project [Tempo di uccidere1](1). This may take a while...
2025-08-07 17:38:02 INFO [admin] ReindexTask - Re-indexing project [Tempo di uccidere1](1) complete!
2025-08-07 17:38:34 INFO [admin] AnnotationSchemaServiceImpl - Updated tag [Narrator](10) in tagset [Sentence labels](3) in project [Tempo di uccidere1](1)
2025-08-07 17:38:40 INFO [admin] AnnotationSchemaServiceImpl - Updated tag [Metadata](12) in tagset [Sentence labels](3) in project [Tempo di uccidere1](1)
2025-08-07 17:38:52 INFO [admin] AnnotationSchemaServiceImpl - Updated tag [Unclear](11) in tagset [Sentence labels](3) in project [Tempo di uccidere1](1)
2025-08-07 17:39:00 INFO [admin] AnnotationSchemaServiceImpl - Updated tagset [Focalization](3) in project [Tempo di uccidere1](1)
2025-08-07 17:39:12 INFO [admin] AnnotationSchemaServiceImpl - Created tagset [Rationales](4) in project [Tempo di uccidere1](1)
2025-08-07 17:39:18 INFO [admin] AnnotationSchemaServiceImpl - Created tag [Judgement](13) in tagset [Rationales](4) in project [Tempo di uccidere1](1)
2025-08-07 17:39:27 INFO [admin] AnnotationSchemaServiceImpl - Created tag [Knowledge](14) in tagset [Rationales](4) in project [Tempo di uccidere1](1)
2025-08-07 17:39:32 INFO [admin] AnnotationSchemaServiceImpl - Created tag [Indexicales](15) in tagset [Rationales](4) in project [Tempo di uccidere1](1)
2025-08-07 17:39:51 INFO [admin] AnnotationSchemaServiceImpl - Created feature [Focalization](7) in project [Tempo di uccidere1](1)
2025-08-07 17:39:51 INFO [admin] ReindexTask - Re-indexing project [Tempo di uccidere1](1). This may take a while...
2025-08-07 17:39:52 INFO [admin] ReindexTask - Re-indexing project [Tempo di uccidere1](1) complete!
2025-08-07 17:40:14 INFO [admin] AnnotationSchemaServiceImpl - Created feature [Rationales](8) in project [Tempo di uccidere1](1)
2025-08-07 17:40:14 INFO [admin] ReindexTask - Re-indexing project [Tempo di uccidere1](1). This may take a while...
2025-08-07 17:40:15 INFO [admin] ReindexTask - Re-indexing project [Tempo di uccidere1](1) complete!
2025-08-07 17:40:23 INFO [admin] ConstraintsServiceImpl - Created constraints set [New constraints set.rules] in project [Tempo di uccidere1](1)
2025-08-07 17:40:23 INFO [admin] ConstraintsServiceImpl - Saved constraints set [New constraints set.rules] in project [Tempo di uccidere1](1)
2025-08-07 17:41:33 INFO [admin] ConstraintsServiceImpl - Updated constraints set [New constraints set.rules] in project [Tempo di uccidere1](1)
2025-08-07 17:41:33 INFO [admin] ConstraintsServiceImpl - Saved constraints set [New constraints set.rules] in project [Tempo di uccidere1](1)
2025-08-07 17:41:42 INFO [admin] DocumentServiceImpl - Created annotation document [admin@Tempo di uccidere.txt](1) in project [Tempo di uccidere1](1)
2025-08-07 17:41:43 INFO [admin] AnnotationSchemaServiceImpl - Upgraded CAS of user [admin] for document [Tempo di uccidere.txt](1) in project [Tempo di uccidere1](1)
2025-08-07 17:42:18 INFO [admin] AnnotationSchemaServiceImpl - Updated feature [Rationales](8) in project [Tempo di uccidere1](1)
2025-08-07 17:42:18 INFO [admin] ReindexTask - Re-indexing project [Tempo di uccidere1](1). This may take a while...
2025-08-07 17:42:20 INFO [admin] ReindexTask - Re-indexing project [Tempo di uccidere1](1) complete!
2025-08-07 17:42:30 INFO [admin] AnnotationSchemaServiceImpl - Upgraded CAS of user [admin] for document [Tempo di uccidere.txt](1) in project [Tempo di uccidere1](1)
2025-08-07 17:43:06 INFO [admin] AnnotationSchemaServiceImpl - Updated layer [custom.SentenceLabel](7) in project [Tempo di uccidere1](1)
2025-08-07 17:43:06 INFO [admin] ReindexTask - Re-indexing project [Tempo di uccidere1](1). This may take a while...
2025-08-07 17:43:09 INFO [admin] ReindexTask - Re-indexing project [Tempo di uccidere1](1) complete!
2025-08-07 17:43:15 INFO [admin] AnnotationSchemaServiceImpl - Upgraded CAS of user [admin] for document [Tempo di uccidere.txt](1) in project [Tempo di uccidere1](1)
2025-08-09 08:09:56 INFO [admin] AnnotationSchemaServiceImpl - Upgraded CAS of user [admin] for document [Tempo di uccidere.txt](1) in project [Tempo di uccidere1](1)
2025-08-09 08:28:39 INFO [admin] AnnotationSchemaServiceImpl - Created tag [Indigenous](16) in tagset [Focalization](3) in project [Tempo di uccidere1](1)
2025-08-09 08:29:09 INFO [admin] AnnotationSchemaServiceImpl - Updated tag [Indigenous](16) in tagset [Focalization](3) in project [Tempo di uccidere1](1)
2025-08-09 08:29:22 INFO [admin] AnnotationSchemaServiceImpl - Upgraded CAS of user [admin] for document [Tempo di uccidere.txt](1) in project [Tempo di uccidere1](1)
2025-08-09 08:47:01 INFO [admin] AnnotationSchemaServiceImpl - Upgraded CAS of user [admin] for document [Tempo di uccidere.txt](1) in project [Tempo di uccidere1](1)
2025-08-09 14:47:59 INFO [admin] AnnotationSchemaServiceImpl - Upgraded CAS of user [admin] for document [Tempo di uccidere.txt](1) in project [Tempo di uccidere1](1)
2025-08-10 15:12:49 INFO [admin] AnnotationSchemaServiceImpl - Upgraded CAS of user [admin] for document [Tempo di uccidere.txt](1) in project [Tempo di uccidere1](1)
2025-08-11 08:35:31 INFO [admin] AnnotationSchemaServiceImpl - Upgraded CAS of user [admin] for document [Tempo di uccidere.txt](1) in project [Tempo di uccidere1](1)
2025-08-14 15:08:42 INFO [admin] AnnotationSchemaServiceImpl - Upgraded CAS of user [admin] for document [Tempo di uccidere.txt](1) in project [Tempo di uccidere1](1)
2025-08-15 10:20:23 INFO [admin] AnnotationSchemaServiceImpl - Upgraded CAS of user [admin] for document [Tempo di uccidere.txt](1) in project [Tempo di uccidere1](1)
2025-08-16 08:44:03 INFO [admin] AnnotationSchemaServiceImpl - Upgraded CAS of user [admin] for document [Tempo di uccidere.txt](1) in project [Tempo di uccidere1](1)
2025-08-16 15:21:31 INFO [admin] AnnotationSchemaServiceImpl - Upgraded CAS of user [admin] for document [Tempo di uccidere.txt](1) in project [Tempo di uccidere1](1)
2025-08-17 08:31:40 INFO [admin] AnnotationSchemaServiceImpl - Upgraded CAS of user [admin] for document [Tempo di uccidere.txt](1) in project [Tempo di uccidere1](1)
2025-08-17 14:03:46 INFO [admin] AnnotationSchemaServiceImpl - Upgraded CAS of user [admin] for document [Tempo di uccidere.txt](1) in project [Tempo di uccidere1](1)
2025-08-17 14:27:28 INFO [admin] AnnotationSchemaServiceImpl - Created tag [Conquerer](17) in tagset [Focalization](3) in project [Tempo di uccidere1](1)
2025-08-17 14:27:56 INFO [admin] AnnotationSchemaServiceImpl - Updated tag [Indigenous](16) in tagset [Focalization](3) in project [Tempo di uccidere1](1)
2025-08-17 14:28:25 INFO [admin] AnnotationSchemaServiceImpl - Updated tag [Narrator](10) in tagset [Focalization](3) in project [Tempo di uccidere1](1)
2025-08-17 14:29:03 INFO [admin] AnnotationSchemaServiceImpl - Created tag [Description](18) in tagset [Focalization](3) in project [Tempo di uccidere1](1)
2025-08-17 14:29:25 INFO [admin] AnnotationSchemaServiceImpl - Upgraded CAS of user [admin] for document [Tempo di uccidere.txt](1) in project [Tempo di uccidere1](1)
2025-08-17 14:32:08 INFO [admin] AnnotationSchemaServiceImpl - Created tag [Agent](19) in tagset [Focalization](3) in project [Tempo di uccidere1](1)
2025-08-17 14:32:15 INFO [admin] AnnotationSchemaServiceImpl - Upgraded CAS of user [admin] for document [Tempo di uccidere.txt](1) in project [Tempo di uccidere1](1)
2025-08-17 14:34:33 INFO [admin] AnnotationSchemaServiceImpl - Updated tag [Agent](19) in tagset [Focalization](3) in project [Tempo di uccidere1](1)
2025-08-17 14:35:42 INFO [admin] AnnotationSchemaServiceImpl - Updated feature [Focalization](7) in project [Tempo di uccidere1](1)
2025-08-17 14:35:42 INFO [admin] ReindexTask - Re-indexing project [Tempo di uccidere1](1). This may take a while...
2025-08-17 14:35:47 INFO [admin] ReindexTask - Re-indexing project [Tempo di uccidere1](1) complete!
2025-08-17 14:37:44 INFO [admin] AnnotationSchemaServiceImpl - Updated layer [custom.SentenceLabel](7) in project [Tempo di uccidere1](1)
2025-08-17 14:37:44 INFO [admin] ReindexTask - Re-indexing project [Tempo di uccidere1](1). This may take a while...
2025-08-17 14:37:47 INFO [admin] ReindexTask - Re-indexing project [Tempo di uccidere1](1) complete!
2025-08-17 14:37:51 INFO [admin] AnnotationSchemaServiceImpl - Upgraded CAS of user [admin] for document [Tempo di uccidere.txt](1) in project [Tempo di uccidere1](1)
2025-08-17 14:47:27 INFO [admin] AnnotationSchemaServiceImpl - Updated tag [Conqueror](17) in tagset [Focalization](3) in project [Tempo di uccidere1](1)
2025-08-17 14:47:33 INFO [admin] AnnotationSchemaServiceImpl - Upgraded CAS of user [admin] for document [Tempo di uccidere.txt](1) in project [Tempo di uccidere1](1)
2025-08-17 14:49:21 INFO [admin] AnnotationSchemaServiceImpl - Created tagset [Descriptions](5) in project [Tempo di uccidere1](1)
2025-08-17 14:49:46 INFO [admin] AnnotationSchemaServiceImpl - Created tag [Nature](20) in tagset [Descriptions](5) in project [Tempo di uccidere1](1)
2025-08-17 14:49:55 INFO [admin] AnnotationSchemaServiceImpl - Created tag [People](21) in tagset [Descriptions](5) in project [Tempo di uccidere1](1)
2025-08-17 14:50:15 INFO [admin] AnnotationSchemaServiceImpl - Updated tag [Nature](20) in tagset [Descriptions](5) in project [Tempo di uccidere1](1)
2025-08-17 14:50:22 INFO [admin] AnnotationSchemaServiceImpl - Created tag [Climate](22) in tagset [Descriptions](5) in project [Tempo di uccidere1](1)
2025-08-17 14:50:25 INFO [admin] AnnotationSchemaServiceImpl - Updated tagset [Descriptions](5) in project [Tempo di uccidere1](1)
2025-08-17 14:50:30 INFO [admin] AnnotationSchemaServiceImpl - Updated tagset [Description](5) in project [Tempo di uccidere1](1)
2025-08-17 14:50:42 INFO [admin] ConstraintsServiceImpl - Created constraints set [New constraints set (1).rules] in project [Tempo di uccidere1](1)
2025-08-17 14:50:42 INFO [admin] ConstraintsServiceImpl - Saved constraints set [New constraints set (1).rules] in project [Tempo di uccidere1](1)
2025-08-17 14:52:08 INFO [admin] ConstraintsServiceImpl - Updated constraints set [New constraints set (1).rules] in project [Tempo di uccidere1](1)
2025-08-17 14:52:08 INFO [admin] ConstraintsServiceImpl - Saved constraints set [New constraints set (1).rules] in project [Tempo di uccidere1](1)
2025-08-17 14:52:20 INFO [admin] AnnotationSchemaServiceImpl - Created tag [Indigenous](23) in tagset [Description](5) in project [Tempo di uccidere1](1)
2025-08-17 14:52:24 INFO [admin] AnnotationSchemaServiceImpl - Updated tag [Soldier](21) in tagset [Description](5) in project [Tempo di uccidere1](1)
2025-08-17 14:53:12 INFO [admin] AnnotationSchemaServiceImpl - Created feature [Description](9) in project [Tempo di uccidere1](1)
2025-08-17 14:53:12 INFO [admin] ReindexTask - Re-indexing project [Tempo di uccidere1](1). This may take a while...
2025-08-17 14:53:17 INFO [admin] ReindexTask - Re-indexing project [Tempo di uccidere1](1) complete!
2025-08-17 14:53:45 INFO [admin] AnnotationSchemaServiceImpl - Updated feature [Description](9) in project [Tempo di uccidere1](1)
2025-08-17 14:53:45 INFO [admin] ReindexTask - Re-indexing project [Tempo di uccidere1](1). This may take a while...
2025-08-17 14:53:48 INFO [admin] AnnotationSchemaServiceImpl - Updated layer [custom.SentenceLabel](7) in project [Tempo di uccidere1](1)
2025-08-17 14:53:48 INFO [admin] ReindexTask - Re-indexing project [Tempo di uccidere1](1) complete!
2025-08-17 14:53:48 INFO [admin] ReindexTask - Re-indexing project [Tempo di uccidere1](1). This may take a while...
2025-08-17 14:53:55 INFO [admin] ReindexTask - Re-indexing project [Tempo di uccidere1](1) complete!
2025-08-17 14:53:57 INFO [admin] AnnotationSchemaServiceImpl - Upgraded CAS of user [admin] for document [Tempo di uccidere.txt](1) in project [Tempo di uccidere1](1)
2025-08-17 14:55:16 INFO [admin] AnnotationSchemaServiceImpl - Updated tag [Landscape](20) in tagset [Description](5) in project [Tempo di uccidere1](1)
2025-08-17 14:55:35 INFO [admin] ConstraintsServiceImpl - Updated constraints set [New constraints set (1).rules] in project [Tempo di uccidere1](1)
2025-08-17 14:55:35 INFO [admin] ConstraintsServiceImpl - Saved constraints set [New constraints set (1).rules] in project [Tempo di uccidere1](1)
2025-08-17 14:55:42 INFO [admin] AnnotationSchemaServiceImpl - Upgraded CAS of user [admin] for document [Tempo di uccidere.txt](1) in project [Tempo di uccidere1](1)
2025-08-17 15:26:24 INFO [admin] AnnotationSchemaServiceImpl - Upgraded CAS of user [admin] for document [Tempo di uccidere.txt](1) in project [Tempo di uccidere1](1)
2025-08-17 15:28:03 INFO [admin] AnnotationSchemaServiceImpl - Updated layer [custom.SentenceLabel](7) in project [Tempo di uccidere1](1)
2025-08-17 15:28:03 INFO [admin] ReindexTask - Re-indexing project [Tempo di uccidere1](1). This may take a while...
2025-08-17 15:28:06 INFO [admin] ReindexTask - Re-indexing project [Tempo di uccidere1](1) complete!
2025-08-17 15:28:57 INFO [admin] AnnotationSchemaServiceImpl - Updated layer [custom.SentenceLabel](7) in project [Tempo di uccidere1](1)
2025-08-17 15:28:57 INFO [admin] ReindexTask - Re-indexing project [Tempo di uccidere1](1). This may take a while...
2025-08-17 15:29:01 INFO [admin] ReindexTask - Re-indexing project [Tempo di uccidere1](1) complete!
2025-08-17 15:29:05 INFO [admin] AnnotationSchemaServiceImpl - Upgraded CAS of user [admin] for document [Tempo di uccidere.txt](1) in project [Tempo di uccidere1](1)
2025-08-18 09:02:05 INFO [admin] AnnotationSchemaServiceImpl - Upgraded CAS of user [admin] for document [Tempo di uccidere.txt](1) in project [Tempo di uccidere1](1)
2025-08-18 09:50:32 INFO [admin] AnnotationSchemaServiceImpl - Upgraded CAS of user [admin] for document [Tempo di uccidere.txt](1) in project [Tempo di uccidere1](1)
2025-08-18 18:02:37 INFO [admin] AnnotationSchemaServiceImpl - Upgraded CAS of user [admin] for document [Tempo di uccidere.txt](1) in project [Tempo di uccidere1](1)
2025-08-18 18:57:07 INFO [admin] AnnotationSchemaServiceImpl - Updated tagset [Description](5) in project [Tempo di uccidere1](1)
2025-08-18 18:57:14 INFO [admin] AnnotationSchemaServiceImpl - Upgraded CAS of user [admin] for document [Tempo di uccidere.txt](1) in project [Tempo di uccidere1](1)
2025-08-19 11:23:07 INFO [admin] AnnotationSchemaServiceImpl - Upgraded CAS of user [admin] for document [Tempo di uccidere.txt](1) in project [Tempo di uccidere1](1)
2025-08-19 15:20:30 INFO [admin] AnnotationSchemaServiceImpl - Upgraded CAS of user [admin] for document [Tempo di uccidere.txt](1) in project [Tempo di uccidere1](1)
2025-08-21 07:38:09 INFO [admin] AnnotationSchemaServiceImpl - Upgraded CAS of user [admin] for document [Tempo di uccidere.txt](1) in project [Tempo di uccidere1](1)
2025-08-21 15:19:59 INFO [admin] AnnotationSchemaServiceImpl - Upgraded CAS of user [admin] for document [Tempo di uccidere.txt](1) in project [Tempo di uccidere1](1)
2025-08-21 15:59:36 INFO [admin] AnnotationSchemaServiceImpl - Upgraded CAS of user [admin] for document [Tempo di uccidere.txt](1) in project [Tempo di uccidere1](1)
2025-08-21 18:17:23 INFO [admin] AnnotationSchemaServiceImpl - Upgraded CAS of user [admin] for document [Tempo di uccidere.txt](1) in project [Tempo di uccidere1](1)
2025-08-22 08:36:34 INFO [admin] AnnotationSchemaServiceImpl - Upgraded CAS of user [admin] for document [Tempo di uccidere.txt](1) in project [Tempo di uccidere1](1)
2025-08-22 14:37:12 INFO [admin] AnnotationSchemaServiceImpl - Upgraded CAS of user [admin] for document [Tempo di uccidere.txt](1) in project [Tempo di uccidere1](1)
2025-08-22 17:06:54 INFO [admin] AnnotationSchemaServiceImpl - Upgraded CAS of user [admin] for document [Tempo di uccidere.txt](1) in project [Tempo di uccidere1](1)
2025-08-23 08:54:12 INFO [admin] AnnotationSchemaServiceImpl - Upgraded CAS of user [admin] for document [Tempo di uccidere.txt](1) in project [Tempo di uccidere1](1)
2025-09-22 15:13:21 INFO [admin] AnnotationSchemaServiceImpl - Upgraded CAS of user [admin] for document [Tempo di uccidere.txt](1) in project [Tempo di uccidere1](1)
2025-09-22 16:08:55 INFO [admin] AnnotationSchemaServiceImpl - Upgraded CAS of user [admin] for document [Tempo di uccidere.txt](1) in project [Tempo di uccidere1](1)
2025-09-22 16:12:20 INFO [admin] ConstraintsServiceImpl - Exported constraints set [New constraints set (1).rules] from project [Tempo di uccidere1](1)
2025-09-22 16:12:20 INFO [admin] ConstraintsServiceImpl - Exported constraints set [New constraints set.rules] from project [Tempo di uccidere1](1)
2025-09-22 16:12:20 INFO [admin] ProjectPermissionsExporter - Exported [3] permissions for project [Tempo di uccidere1]
2025-09-22 16:12:20 INFO [admin] DocumentRepositoryExporter - Exported [0] document repositories for project [Tempo di uccidere1]
2025-09-22 16:12:20 INFO [admin] KnowledgeBaseExporter - Exported [0] knowledge bases for project [Tempo di uccidere1]
2025-09-22 16:12:20 INFO [admin] CurationWorkflowExporter - Exported curation workflow settings for project [Tempo di uccidere1](1)
2025-09-22 16:12:20 INFO [admin] LayerExporter - Exported [2] layers for project [Tempo di uccidere1]
2025-09-22 16:12:20 INFO [admin] TagSetExporter - Exported [3] tagsets for project [Tempo di uccidere1]
2025-09-22 16:12:20 INFO [admin] SourceDocumentExporter - Exported content for source document 1/1: [Tempo di uccidere.txt](1) in [Tempo di uccidere1](1)
